27-Aug-22 13:33:36 - ####### MAIN FUNCTION STARTED #######
27-Aug-22 13:33:36 - config JSON FOR CSV LOADED
27-Aug-22 13:33:36 - CSV LOADED
27-Aug-22 13:33:38 - TARGET DRIFT - produced global report
27-Aug-22 13:33:53 - TARGET DRIFT - produced weekly reports
27-Aug-22 13:33:53 - DATA DRIFT - produced global report
27-Aug-22 13:33:57 - DATA DRIFT - produced weekly reports
27-Aug-22 13:34:03 - CLASSIFICATION PERFORMANCE - produced global report
27-Aug-22 13:34:35 - CLASSIFICATION PERFORMANCE - produced weekly reports
27-Aug-22 13:37:05 - ####### MAIN FUNCTION STARTED #######
27-Aug-22 13:37:05 - config JSON FOR CSV LOADED
27-Aug-22 13:37:05 - CSV LOADED
27-Aug-22 13:37:07 - TARGET DRIFT - produced global report
27-Aug-22 13:37:22 - TARGET DRIFT - produced weekly reports
27-Aug-22 13:37:22 - DATA DRIFT - produced global report
27-Aug-22 13:37:26 - DATA DRIFT - produced weekly reports
27-Aug-22 13:37:32 - CLASSIFICATION PERFORMANCE - produced global report
27-Aug-22 13:38:04 - CLASSIFICATION PERFORMANCE - produced weekly reports
27-Aug-22 13:40:08 - ####### MAIN FUNCTION STARTED #######
27-Aug-22 13:40:09 - config JSON FOR CSV LOADED
27-Aug-22 13:40:09 - CSV LOADED
27-Aug-22 13:40:11 - TARGET DRIFT - produced global report
27-Aug-22 13:40:25 - TARGET DRIFT - produced weekly reports
27-Aug-22 13:40:26 - DATA DRIFT - produced global report
27-Aug-22 13:40:29 - DATA DRIFT - produced weekly reports
27-Aug-22 13:40:36 - CLASSIFICATION PERFORMANCE - produced global report
27-Aug-22 13:41:07 - CLASSIFICATION PERFORMANCE - produced weekly reports
27-Aug-22 13:42:57 - ####### MAIN FUNCTION STARTED #######
27-Aug-22 13:42:57 - config JSON FOR CSV LOADED
27-Aug-22 13:42:57 - CSV LOADED
27-Aug-22 13:42:59 - TARGET DRIFT - produced global report
27-Aug-22 13:43:19 - ####### MAIN FUNCTION STARTED #######
27-Aug-22 13:43:19 - config JSON FOR CSV LOADED
27-Aug-22 13:43:19 - CSV LOADED
27-Aug-22 13:43:21 - TARGET DRIFT - produced global report
27-Aug-22 13:43:36 - TARGET DRIFT - produced weekly reports
27-Aug-22 13:43:36 - DATA DRIFT - produced global report
27-Aug-22 13:43:39 - DATA DRIFT - produced weekly reports
27-Aug-22 13:43:46 - CLASSIFICATION PERFORMANCE - produced global report
27-Aug-22 13:44:17 - CLASSIFICATION PERFORMANCE - produced weekly reports
27-Aug-22 13:45:52 - ####### MAIN FUNCTION STARTED #######
27-Aug-22 13:45:52 - config JSON FOR CSV LOADED
27-Aug-22 13:45:52 - CSV LOADED
27-Aug-22 13:45:54 - TARGET DRIFT - produced global report
27-Aug-22 13:46:09 - TARGET DRIFT - produced weekly reports
27-Aug-22 13:46:10 - DATA DRIFT - produced global report
27-Aug-22 13:46:13 - DATA DRIFT - produced weekly reports
27-Aug-22 13:46:19 - CLASSIFICATION PERFORMANCE - produced global report
27-Aug-22 13:46:50 - CLASSIFICATION PERFORMANCE - produced weekly reports
27-Aug-22 13:47:43 - ####### MAIN FUNCTION STARTED #######
27-Aug-22 13:47:44 - config JSON FOR CSV LOADED
27-Aug-22 13:47:44 - CSV LOADED
27-Aug-22 13:47:46 - TARGET DRIFT - produced global report
27-Aug-22 13:48:00 - TARGET DRIFT - produced weekly reports
27-Aug-22 13:48:01 - DATA DRIFT - produced global report
27-Aug-22 13:48:04 - DATA DRIFT - produced weekly reports
27-Aug-22 13:48:10 - CLASSIFICATION PERFORMANCE - produced global report
27-Aug-22 13:48:42 - CLASSIFICATION PERFORMANCE - produced weekly reports
27-Aug-22 13:52:27 - ####### MAIN FUNCTION STARTED #######
27-Aug-22 13:52:27 - config JSON FOR CSV LOADED
27-Aug-22 13:52:27 - CSV LOADED
27-Aug-22 13:52:29 - TARGET DRIFT - produced global report
27-Aug-22 13:52:43 - TARGET DRIFT - produced weekly reports
27-Aug-22 13:52:44 - DATA DRIFT - produced global report
27-Aug-22 13:52:47 - DATA DRIFT - produced weekly reports
27-Aug-22 13:52:53 - CLASSIFICATION PERFORMANCE - produced global report
27-Aug-22 13:53:25 - CLASSIFICATION PERFORMANCE - produced weekly reports
27-Aug-22 13:56:08 - ####### MAIN FUNCTION STARTED #######
27-Aug-22 13:56:08 - config JSON FOR CSV LOADED
27-Aug-22 13:56:08 - CSV LOADED
27-Aug-22 13:56:08 - CLASSIFICATION PERFORMANCE - produced weekly reports
27-Aug-22 13:58:24 - ####### MAIN FUNCTION STARTED #######
27-Aug-22 13:58:24 - config JSON FOR CSV LOADED
27-Aug-22 13:58:24 - CSV LOADED
27-Aug-22 13:58:24 - CLASSIFICATION PERFORMANCE - produced weekly reports
27-Aug-22 13:58:50 - ####### MAIN FUNCTION STARTED #######
27-Aug-22 13:58:50 - config JSON FOR CSV LOADED
27-Aug-22 13:58:50 - CSV LOADED
27-Aug-22 13:58:50 - CLASSIFICATION PERFORMANCE - produced weekly reports
27-Aug-22 13:59:54 - ####### MAIN FUNCTION STARTED #######
27-Aug-22 13:59:54 - config JSON FOR CSV LOADED
27-Aug-22 13:59:54 - CSV LOADED
27-Aug-22 13:59:54 - CLASSIFICATION PERFORMANCE - produced weekly reports
27-Aug-22 14:00:20 - ####### MAIN FUNCTION STARTED #######
27-Aug-22 14:00:20 - config JSON FOR CSV LOADED
27-Aug-22 14:00:20 - CSV LOADED
27-Aug-22 14:00:20 - CLASSIFICATION PERFORMANCE - produced weekly reports
27-Aug-22 14:01:00 - ####### MAIN FUNCTION STARTED #######
27-Aug-22 14:01:01 - config JSON FOR CSV LOADED
27-Aug-22 14:01:01 - CSV LOADED
27-Aug-22 14:01:01 - CLASSIFICATION PERFORMANCE - produced weekly reports
27-Aug-22 14:02:57 - PREDICT AUTOMATCH MONTHLY STABILITY - produced charts for all classes of variables by month
27-Aug-22 14:04:56 - CLASS ACCTUAL MONTHLY STABILITY - produced charts for all classes of variables by month
27-Aug-22 14:05:19 - ####### MAIN FUNCTION STARTED #######
27-Aug-22 14:05:19 - config JSON FOR CSV LOADED
27-Aug-22 14:05:19 - CSV LOADED
27-Aug-22 14:05:19 - CLASSIFICATION PERFORMANCE - produced weekly reports
27-Aug-22 14:07:16 - PREDICT AUTOMATCH MONTHLY STABILITY - produced charts for all classes of variables by month
27-Aug-22 14:09:14 - CLASS ACCTUAL MONTHLY STABILITY - produced charts for all classes of variables by month
27-Aug-22 14:10:59 - PREDICT AUTOMATCH WEEKLY STABILITY - produced charts for all classes of variables by week
27-Aug-22 14:15:40 - ####### MAIN FUNCTION STARTED #######
27-Aug-22 14:15:40 - config JSON FOR CSV LOADED
27-Aug-22 14:15:40 - CSV LOADED
27-Aug-22 14:15:40 - CLASSIFICATION PERFORMANCE - produced weekly reports
27-Aug-22 14:16:14 - ####### MAIN FUNCTION STARTED #######
27-Aug-22 14:16:14 - config JSON FOR CSV LOADED
27-Aug-22 14:16:14 - CSV LOADED
27-Aug-22 14:16:14 - CLASSIFICATION PERFORMANCE - produced weekly reports
27-Aug-22 14:18:08 - PREDICT AUTOMATCH MONTHLY STABILITY - produced charts for all classes of variables by month
27-Aug-22 14:20:04 - CLASS ACCTUAL MONTHLY STABILITY - produced charts for all classes of variables by month
27-Aug-22 14:20:04 - PREDICT AUTOMATCH WEEKLY STABILITY - produced charts for all classes of variables by week
27-Aug-22 14:20:04 - CLASS ACCTUAL WEEKLY STABILITY - produced charts for all classes of variables by month
27-Aug-22 14:20:04 - ####### MAIN FUNCTION DONE #######
27-Aug-22 14:21:07 - ####### MAIN FUNCTION STARTED #######
27-Aug-22 14:21:07 - config JSON FOR CSV LOADED
27-Aug-22 14:21:07 - CSV LOADED
27-Aug-22 14:21:07 - CLASSIFICATION PERFORMANCE - produced weekly reports
27-Aug-22 14:21:07 - PREDICT AUTOMATCH MONTHLY STABILITY - produced charts for all classes of variables by month
27-Aug-22 14:21:07 - CLASS ACCTUAL MONTHLY STABILITY - produced charts for all classes of variables by month
27-Aug-22 14:22:54 - PREDICT AUTOMATCH WEEKLY STABILITY - produced charts for all classes of variables by week
27-Aug-22 14:22:54 - CLASS ACCTUAL WEEKLY STABILITY - produced charts for all classes of variables by month
27-Aug-22 14:22:54 - ####### MAIN FUNCTION DONE #######
27-Aug-22 14:23:51 - ####### MAIN FUNCTION STARTED #######
27-Aug-22 14:23:51 - config JSON FOR CSV LOADED
27-Aug-22 14:23:51 - CSV LOADED
27-Aug-22 14:23:51 - CLASSIFICATION PERFORMANCE - produced weekly reports
27-Aug-22 14:23:51 - PREDICT AUTOMATCH MONTHLY STABILITY - produced charts for all classes of variables by month
27-Aug-22 14:23:51 - CLASS ACCTUAL MONTHLY STABILITY - produced charts for all classes of variables by month
27-Aug-22 14:24:51 - ####### MAIN FUNCTION STARTED #######
27-Aug-22 14:24:51 - config JSON FOR CSV LOADED
27-Aug-22 14:24:51 - CSV LOADED
27-Aug-22 14:24:51 - CLASSIFICATION PERFORMANCE - produced weekly reports
27-Aug-22 14:24:51 - PREDICT AUTOMATCH MONTHLY STABILITY - produced charts for all classes of variables by month
27-Aug-22 14:24:51 - CLASS ACCTUAL MONTHLY STABILITY - produced charts for all classes of variables by month
27-Aug-22 14:24:51 - PREDICT AUTOMATCH WEEKLY STABILITY - produced charts for all classes of variables by week
27-Aug-22 14:24:51 - CLASS ACCTUAL WEEKLY STABILITY - produced charts for all classes of variables by month
27-Aug-22 14:24:51 - ####### MAIN FUNCTION DONE #######
27-Aug-22 14:26:09 - ####### MAIN FUNCTION STARTED #######
27-Aug-22 14:26:09 - config JSON FOR CSV LOADED
27-Aug-22 14:26:09 - CSV LOADED
27-Aug-22 14:26:09 - CLASSIFICATION PERFORMANCE - produced weekly reports
27-Aug-22 14:26:09 - PREDICT AUTOMATCH MONTHLY STABILITY - produced charts for all classes of variables by month
27-Aug-22 14:26:09 - CLASS ACCTUAL MONTHLY STABILITY - produced charts for all classes of variables by month
27-Aug-22 14:26:09 - PREDICT AUTOMATCH WEEKLY STABILITY - produced charts for all classes of variables by week
27-Aug-22 14:26:09 - CLASS ACCTUAL WEEKLY STABILITY - produced charts for all classes of variables by month
27-Aug-22 14:26:09 - ####### MAIN FUNCTION DONE #######
27-Aug-22 14:26:41 - ####### MAIN FUNCTION STARTED #######
27-Aug-22 14:26:41 - config JSON FOR CSV LOADED
27-Aug-22 14:26:41 - CSV LOADED
27-Aug-22 14:26:41 - CLASSIFICATION PERFORMANCE - produced weekly reports
27-Aug-22 14:26:41 - PREDICT AUTOMATCH MONTHLY STABILITY - produced charts for all classes of variables by month
27-Aug-22 14:26:41 - CLASS ACCTUAL MONTHLY STABILITY - produced charts for all classes of variables by month
27-Aug-22 14:27:59 - ####### MAIN FUNCTION STARTED #######
27-Aug-22 14:27:59 - config JSON FOR CSV LOADED
27-Aug-22 14:27:59 - CSV LOADED
27-Aug-22 14:27:59 - CLASSIFICATION PERFORMANCE - produced weekly reports
27-Aug-22 14:27:59 - PREDICT AUTOMATCH MONTHLY STABILITY - produced charts for all classes of variables by month
27-Aug-22 14:27:59 - CLASS ACCTUAL MONTHLY STABILITY - produced charts for all classes of variables by month
27-Aug-22 14:28:38 - ####### MAIN FUNCTION STARTED #######
27-Aug-22 14:28:38 - config JSON FOR CSV LOADED
27-Aug-22 14:28:38 - CSV LOADED
27-Aug-22 14:28:38 - CLASSIFICATION PERFORMANCE - produced weekly reports
27-Aug-22 14:28:38 - PREDICT AUTOMATCH MONTHLY STABILITY - produced charts for all classes of variables by month
27-Aug-22 14:28:38 - CLASS ACCTUAL MONTHLY STABILITY - produced charts for all classes of variables by month
27-Aug-22 14:29:03 - ####### MAIN FUNCTION STARTED #######
27-Aug-22 14:29:03 - config JSON FOR CSV LOADED
27-Aug-22 14:29:03 - CSV LOADED
27-Aug-22 14:29:03 - CLASSIFICATION PERFORMANCE - produced weekly reports
27-Aug-22 14:29:03 - PREDICT AUTOMATCH MONTHLY STABILITY - produced charts for all classes of variables by month
27-Aug-22 14:29:03 - CLASS ACCTUAL MONTHLY STABILITY - produced charts for all classes of variables by month
27-Aug-22 14:29:27 - ####### MAIN FUNCTION STARTED #######
27-Aug-22 14:29:27 - config JSON FOR CSV LOADED
27-Aug-22 14:29:27 - CSV LOADED
27-Aug-22 14:29:27 - CLASSIFICATION PERFORMANCE - produced weekly reports
27-Aug-22 14:29:27 - PREDICT AUTOMATCH MONTHLY STABILITY - produced charts for all classes of variables by month
27-Aug-22 14:29:27 - CLASS ACCTUAL MONTHLY STABILITY - produced charts for all classes of variables by month
27-Aug-22 14:29:53 - ####### MAIN FUNCTION STARTED #######
27-Aug-22 14:29:53 - config JSON FOR CSV LOADED
27-Aug-22 14:29:53 - CSV LOADED
27-Aug-22 14:29:53 - CLASSIFICATION PERFORMANCE - produced weekly reports
27-Aug-22 14:29:53 - PREDICT AUTOMATCH MONTHLY STABILITY - produced charts for all classes of variables by month
27-Aug-22 14:29:53 - CLASS ACCTUAL MONTHLY STABILITY - produced charts for all classes of variables by month
27-Aug-22 14:30:33 - ####### MAIN FUNCTION STARTED #######
27-Aug-22 14:30:33 - config JSON FOR CSV LOADED
27-Aug-22 14:30:33 - CSV LOADED
27-Aug-22 14:30:33 - CLASSIFICATION PERFORMANCE - produced weekly reports
27-Aug-22 14:30:33 - PREDICT AUTOMATCH MONTHLY STABILITY - produced charts for all classes of variables by month
27-Aug-22 14:30:33 - CLASS ACCTUAL MONTHLY STABILITY - produced charts for all classes of variables by month
27-Aug-22 14:30:34 - PREDICT AUTOMATCH WEEKLY STABILITY - produced charts for all classes of variables by week
27-Aug-22 14:30:34 - CLASS ACCTUAL WEEKLY STABILITY - produced charts for all classes of variables by month
27-Aug-22 14:30:34 - ####### MAIN FUNCTION DONE #######
27-Aug-22 14:32:00 - ####### MAIN FUNCTION STARTED #######
27-Aug-22 14:32:00 - config JSON FOR CSV LOADED
27-Aug-22 14:32:00 - CSV LOADED
27-Aug-22 14:32:00 - CLASSIFICATION PERFORMANCE - produced weekly reports
27-Aug-22 14:32:00 - PREDICT AUTOMATCH MONTHLY STABILITY - produced charts for all classes of variables by month
27-Aug-22 14:32:00 - CLASS ACCTUAL MONTHLY STABILITY - produced charts for all classes of variables by month
27-Aug-22 14:34:00 - ####### MAIN FUNCTION STARTED #######
27-Aug-22 14:34:00 - config JSON FOR CSV LOADED
27-Aug-22 14:34:00 - CSV LOADED
27-Aug-22 14:34:00 - CLASSIFICATION PERFORMANCE - produced weekly reports
27-Aug-22 14:34:00 - PREDICT AUTOMATCH MONTHLY STABILITY - produced charts for all classes of variables by month
27-Aug-22 14:34:00 - CLASS ACCTUAL MONTHLY STABILITY - produced charts for all classes of variables by month
27-Aug-22 14:35:39 - PREDICT AUTOMATCH WEEKLY STABILITY - produced charts for all classes of variables by week
27-Aug-22 14:35:39 - CLASS ACCTUAL WEEKLY STABILITY - produced charts for all classes of variables by month
27-Aug-22 14:35:39 - ####### MAIN FUNCTION DONE #######
27-Aug-22 14:38:38 - ####### MAIN FUNCTION STARTED #######
27-Aug-22 14:38:38 - config JSON FOR CSV LOADED
27-Aug-22 14:38:38 - CSV LOADED
27-Aug-22 14:38:38 - CLASSIFICATION PERFORMANCE - produced weekly reports
27-Aug-22 14:38:38 - PREDICT AUTOMATCH MONTHLY STABILITY - produced charts for all classes of variables by month
27-Aug-22 14:38:38 - CLASS ACCTUAL MONTHLY STABILITY - produced charts for all classes of variables by month
27-Aug-22 14:40:19 - PREDICT AUTOMATCH WEEKLY STABILITY - produced charts for all classes of variables by week
27-Aug-22 14:40:19 - CLASS ACCTUAL WEEKLY STABILITY - produced charts for all classes of variables by month
27-Aug-22 14:40:19 - ####### MAIN FUNCTION DONE #######
27-Aug-22 14:40:45 - ####### MAIN FUNCTION STARTED #######
27-Aug-22 14:40:45 - config JSON FOR CSV LOADED
27-Aug-22 14:40:45 - CSV LOADED
27-Aug-22 14:40:45 - CLASSIFICATION PERFORMANCE - produced weekly reports
27-Aug-22 14:40:45 - PREDICT AUTOMATCH MONTHLY STABILITY - produced charts for all classes of variables by month
27-Aug-22 14:40:45 - CLASS ACCTUAL MONTHLY STABILITY - produced charts for all classes of variables by month
27-Aug-22 14:41:04 - ####### MAIN FUNCTION STARTED #######
27-Aug-22 14:41:04 - config JSON FOR CSV LOADED
27-Aug-22 14:41:04 - CSV LOADED
27-Aug-22 14:41:04 - CLASSIFICATION PERFORMANCE - produced weekly reports
27-Aug-22 14:41:04 - PREDICT AUTOMATCH MONTHLY STABILITY - produced charts for all classes of variables by month
27-Aug-22 14:41:04 - CLASS ACCTUAL MONTHLY STABILITY - produced charts for all classes of variables by month
27-Aug-22 14:41:55 - ####### MAIN FUNCTION STARTED #######
27-Aug-22 14:41:55 - config JSON FOR CSV LOADED
27-Aug-22 14:41:55 - CSV LOADED
27-Aug-22 14:41:55 - CLASSIFICATION PERFORMANCE - produced weekly reports
27-Aug-22 14:41:55 - PREDICT AUTOMATCH MONTHLY STABILITY - produced charts for all classes of variables by month
27-Aug-22 14:41:55 - CLASS ACCTUAL MONTHLY STABILITY - produced charts for all classes of variables by month
27-Aug-22 14:43:00 - ####### MAIN FUNCTION STARTED #######
27-Aug-22 14:43:00 - config JSON FOR CSV LOADED
27-Aug-22 14:43:00 - CSV LOADED
27-Aug-22 14:43:00 - CLASSIFICATION PERFORMANCE - produced weekly reports
27-Aug-22 14:43:00 - PREDICT AUTOMATCH MONTHLY STABILITY - produced charts for all classes of variables by month
27-Aug-22 14:43:00 - CLASS ACCTUAL MONTHLY STABILITY - produced charts for all classes of variables by month
27-Aug-22 14:44:08 - ####### MAIN FUNCTION STARTED #######
27-Aug-22 14:44:08 - config JSON FOR CSV LOADED
27-Aug-22 14:44:08 - CSV LOADED
27-Aug-22 14:44:08 - CLASSIFICATION PERFORMANCE - produced weekly reports
27-Aug-22 14:44:08 - PREDICT AUTOMATCH MONTHLY STABILITY - produced charts for all classes of variables by month
27-Aug-22 14:44:08 - CLASS ACCTUAL MONTHLY STABILITY - produced charts for all classes of variables by month
27-Aug-22 14:44:32 - ####### MAIN FUNCTION STARTED #######
27-Aug-22 14:44:32 - config JSON FOR CSV LOADED
27-Aug-22 14:44:32 - CSV LOADED
27-Aug-22 14:44:32 - CLASSIFICATION PERFORMANCE - produced weekly reports
27-Aug-22 14:44:32 - PREDICT AUTOMATCH MONTHLY STABILITY - produced charts for all classes of variables by month
27-Aug-22 14:44:32 - CLASS ACCTUAL MONTHLY STABILITY - produced charts for all classes of variables by month
27-Aug-22 14:45:01 - ####### MAIN FUNCTION STARTED #######
27-Aug-22 14:45:01 - config JSON FOR CSV LOADED
27-Aug-22 14:45:01 - CSV LOADED
27-Aug-22 14:45:01 - CLASSIFICATION PERFORMANCE - produced weekly reports
27-Aug-22 14:45:01 - PREDICT AUTOMATCH MONTHLY STABILITY - produced charts for all classes of variables by month
27-Aug-22 14:45:01 - CLASS ACCTUAL MONTHLY STABILITY - produced charts for all classes of variables by month
27-Aug-22 14:45:40 - ####### MAIN FUNCTION STARTED #######
27-Aug-22 14:45:40 - config JSON FOR CSV LOADED
27-Aug-22 14:45:40 - CSV LOADED
27-Aug-22 14:45:40 - CLASSIFICATION PERFORMANCE - produced weekly reports
27-Aug-22 14:45:40 - PREDICT AUTOMATCH MONTHLY STABILITY - produced charts for all classes of variables by month
27-Aug-22 14:45:40 - CLASS ACCTUAL MONTHLY STABILITY - produced charts for all classes of variables by month
27-Aug-22 14:48:18 - PREDICT AUTOMATCH WEEKLY STABILITY - produced charts for all classes of variables by week
27-Aug-22 14:48:18 - CLASS ACCTUAL WEEKLY STABILITY - produced charts for all classes of variables by month
27-Aug-22 14:48:18 - ####### MAIN FUNCTION DONE #######
27-Aug-22 14:50:27 - ####### MAIN FUNCTION STARTED #######
27-Aug-22 14:50:28 - config JSON FOR CSV LOADED
27-Aug-22 14:50:28 - CSV LOADED
27-Aug-22 14:50:28 - CLASSIFICATION PERFORMANCE - produced weekly reports
27-Aug-22 14:50:28 - PREDICT AUTOMATCH MONTHLY STABILITY - produced charts for all classes of variables by month
27-Aug-22 14:50:28 - CLASS ACCTUAL MONTHLY STABILITY - produced charts for all classes of variables by month
27-Aug-22 14:50:28 - PREDICT AUTOMATCH WEEKLY STABILITY - produced charts for all classes of variables by week
27-Aug-22 14:53:01 - ####### MAIN FUNCTION STARTED #######
27-Aug-22 14:53:01 - config JSON FOR CSV LOADED
27-Aug-22 14:53:01 - CSV LOADED
27-Aug-22 14:53:01 - CLASSIFICATION PERFORMANCE - produced weekly reports
27-Aug-22 14:53:01 - PREDICT AUTOMATCH MONTHLY STABILITY - produced charts for all classes of variables by month
27-Aug-22 14:53:01 - CLASS ACCTUAL MONTHLY STABILITY - produced charts for all classes of variables by month
27-Aug-22 14:53:01 - PREDICT AUTOMATCH WEEKLY STABILITY - produced charts for all classes of variables by week
27-Aug-22 14:55:39 - CLASS ACCTUAL WEEKLY STABILITY - produced charts for all classes of variables by month
27-Aug-22 14:55:39 - ####### MAIN FUNCTION DONE #######
27-Aug-22 14:57:24 - ####### MAIN FUNCTION STARTED #######
27-Aug-22 14:57:24 - config JSON FOR CSV LOADED
27-Aug-22 14:57:24 - CSV LOADED
27-Aug-22 14:57:26 - TARGET DRIFT - produced global report
27-Aug-22 14:57:41 - TARGET DRIFT - produced weekly reports
27-Aug-22 14:57:41 - DATA DRIFT - produced global report
27-Aug-22 14:57:45 - DATA DRIFT - produced weekly reports
27-Aug-22 14:57:51 - CLASSIFICATION PERFORMANCE - produced global report
27-Aug-22 14:58:24 - CLASSIFICATION PERFORMANCE - produced weekly reports
27-Aug-22 15:05:32 - ####### MAIN FUNCTION STARTED #######
27-Aug-22 15:05:32 - config JSON FOR CSV LOADED
27-Aug-22 15:05:32 - CSV LOADED
27-Aug-22 15:05:34 - TARGET DRIFT - produced global report
27-Aug-22 15:05:49 - TARGET DRIFT - produced weekly reports
27-Aug-22 15:05:50 - DATA DRIFT - produced global report
27-Aug-22 15:05:53 - DATA DRIFT - produced weekly reports
27-Aug-22 15:05:59 - CLASSIFICATION PERFORMANCE - produced global report
27-Aug-22 15:06:31 - CLASSIFICATION PERFORMANCE - produced weekly reports
27-Aug-22 15:07:51 - ####### MAIN FUNCTION STARTED #######
27-Aug-22 15:07:51 - config JSON FOR CSV LOADED
27-Aug-22 15:07:51 - CSV LOADED
27-Aug-22 15:07:53 - TARGET DRIFT - produced global report
27-Aug-22 15:08:28 - ####### MAIN FUNCTION STARTED #######
27-Aug-22 15:08:28 - config JSON FOR CSV LOADED
27-Aug-22 15:08:28 - CSV LOADED
27-Aug-22 15:08:31 - TARGET DRIFT - produced global report
27-Aug-22 15:08:45 - TARGET DRIFT - produced weekly reports
27-Aug-22 15:08:46 - DATA DRIFT - produced global report
27-Aug-22 15:08:49 - DATA DRIFT - produced weekly reports
27-Aug-22 15:08:56 - CLASSIFICATION PERFORMANCE - produced global report
27-Aug-22 15:09:27 - CLASSIFICATION PERFORMANCE - produced weekly reports
27-Aug-22 15:13:07 - ####### MAIN FUNCTION STARTED #######
27-Aug-22 15:13:30 - ####### MAIN FUNCTION STARTED #######
27-Aug-22 15:13:30 - config JSON FOR CSV LOADED
27-Aug-22 15:13:30 - CSV LOADED
27-Aug-22 15:14:21 - ####### MAIN FUNCTION STARTED #######
27-Aug-22 15:14:21 - config JSON FOR CSV LOADED
27-Aug-22 15:14:21 - CSV LOADED
27-Aug-22 15:15:22 - ####### MAIN FUNCTION STARTED #######
27-Aug-22 15:15:22 - config JSON FOR CSV LOADED
27-Aug-22 15:15:22 - CSV LOADED
27-Aug-22 15:15:59 - ####### MAIN FUNCTION STARTED #######
27-Aug-22 15:15:59 - config JSON FOR CSV LOADED
27-Aug-22 15:15:59 - CSV LOADED
27-Aug-22 15:16:32 - ####### MAIN FUNCTION STARTED #######
27-Aug-22 15:16:32 - config JSON FOR CSV LOADED
27-Aug-22 15:16:32 - CSV LOADED
27-Aug-22 15:17:07 - ####### MAIN FUNCTION STARTED #######
27-Aug-22 15:17:07 - config JSON FOR CSV LOADED
27-Aug-22 15:17:07 - CSV LOADED
27-Aug-22 15:18:27 - ####### MAIN FUNCTION STARTED #######
27-Aug-22 15:18:27 - config JSON FOR CSV LOADED
27-Aug-22 15:18:27 - CSV LOADED
27-Aug-22 15:19:24 - ####### MAIN FUNCTION STARTED #######
27-Aug-22 15:19:24 - config JSON FOR CSV LOADED
27-Aug-22 15:19:24 - CSV LOADED
27-Aug-22 15:20:39 - ####### MAIN FUNCTION STARTED #######
27-Aug-22 15:20:39 - config JSON FOR CSV LOADED
27-Aug-22 15:20:39 - CSV LOADED
27-Aug-22 15:21:08 - ####### MAIN FUNCTION STARTED #######
27-Aug-22 15:21:08 - config JSON FOR CSV LOADED
27-Aug-22 15:21:08 - CSV LOADED
27-Aug-22 15:21:31 - ####### MAIN FUNCTION STARTED #######
27-Aug-22 15:21:31 - config JSON FOR CSV LOADED
27-Aug-22 15:21:31 - CSV LOADED
27-Aug-22 15:22:03 - ####### MAIN FUNCTION STARTED #######
27-Aug-22 15:22:03 - config JSON FOR CSV LOADED
27-Aug-22 15:22:03 - CSV LOADED
27-Aug-22 15:22:23 - ####### MAIN FUNCTION STARTED #######
27-Aug-22 15:22:23 - config JSON FOR CSV LOADED
27-Aug-22 15:22:23 - CSV LOADED
27-Aug-22 15:24:01 - ####### MAIN FUNCTION STARTED #######
27-Aug-22 15:24:01 - config JSON FOR CSV LOADED
27-Aug-22 15:24:01 - CSV LOADED
27-Aug-22 15:24:28 - ####### MAIN FUNCTION STARTED #######
27-Aug-22 15:24:28 - config JSON FOR CSV LOADED
27-Aug-22 15:24:28 - CSV LOADED
27-Aug-22 15:24:47 - ####### MAIN FUNCTION STARTED #######
27-Aug-22 15:24:47 - config JSON FOR CSV LOADED
27-Aug-22 15:24:47 - CSV LOADED
27-Aug-22 15:24:57 - ####### MAIN FUNCTION STARTED #######
27-Aug-22 15:24:57 - config JSON FOR CSV LOADED
27-Aug-22 15:24:57 - CSV LOADED
27-Aug-22 15:26:29 - ####### MAIN FUNCTION STARTED #######
27-Aug-22 15:26:29 - config JSON FOR CSV LOADED
27-Aug-22 15:26:29 - CSV LOADED
27-Aug-22 15:27:37 - ####### MAIN FUNCTION STARTED #######
27-Aug-22 15:27:37 - config JSON FOR CSV LOADED
27-Aug-22 15:27:37 - CSV LOADED
27-Aug-22 15:29:21 - ####### MAIN FUNCTION STARTED #######
27-Aug-22 15:29:21 - config JSON FOR CSV LOADED
27-Aug-22 15:29:21 - CSV LOADED
27-Aug-22 15:29:48 - ####### MAIN FUNCTION STARTED #######
27-Aug-22 15:29:48 - config JSON FOR CSV LOADED
27-Aug-22 15:29:48 - CSV LOADED
27-Aug-22 15:30:40 - ####### MAIN FUNCTION STARTED #######
27-Aug-22 15:30:40 - config JSON FOR CSV LOADED
27-Aug-22 15:30:40 - CSV LOADED
27-Aug-22 15:31:06 - ####### MAIN FUNCTION STARTED #######
27-Aug-22 15:31:06 - config JSON FOR CSV LOADED
27-Aug-22 15:31:06 - CSV LOADED
27-Aug-22 15:34:00 - ####### MAIN FUNCTION STARTED #######
27-Aug-22 15:34:00 - config JSON FOR CSV LOADED
27-Aug-22 15:34:00 - CSV LOADED
27-Aug-22 15:37:38 - ####### MAIN FUNCTION STARTED #######
27-Aug-22 15:37:38 - config JSON FOR CSV LOADED
27-Aug-22 15:37:38 - CSV LOADED
27-Aug-22 15:39:31 - predict_automatch MONTHLY STABILITY - produced charts for all classes of variables by month
27-Aug-22 15:39:31 - class_acctual WEEKLY STABILITY - produced charts for all classes of variables by month
27-Aug-22 15:39:31 - ####### MAIN FUNCTION DONE #######
27-Aug-22 15:39:58 - ####### MAIN FUNCTION STARTED #######
27-Aug-22 15:39:58 - config JSON FOR CSV LOADED
27-Aug-22 15:39:58 - CSV LOADED
27-Aug-22 15:41:48 - predict_automatch MONTHLY STABILITY - produced charts for all classes of variables by month
27-Aug-22 15:43:37 - class_acctual MONTHLY STABILITY - produced charts for all classes of variables by month
27-Aug-22 15:43:37 - class_acctual WEEKLY STABILITY - produced charts for all classes of variables by month
27-Aug-22 15:43:37 - ####### MAIN FUNCTION DONE #######
27-Aug-22 15:44:08 - ####### MAIN FUNCTION STARTED #######
27-Aug-22 15:44:08 - config JSON FOR CSV LOADED
27-Aug-22 15:44:08 - CSV LOADED
27-Aug-22 15:44:25 - ####### MAIN FUNCTION STARTED #######
27-Aug-22 15:44:25 - config JSON FOR CSV LOADED
27-Aug-22 15:44:25 - CSV LOADED
27-Aug-22 15:46:17 - predict_automatch MONTHLY STABILITY - produced charts for all classes of variables by month
27-Aug-22 15:48:12 - class_acctual MONTHLY STABILITY - produced charts for all classes of variables by month
27-Aug-22 15:50:52 - class_acctual WEEKLY STABILITY - produced charts for all classes of variables by month
27-Aug-22 15:50:52 - ####### MAIN FUNCTION DONE #######
27-Aug-22 15:51:43 - ####### MAIN FUNCTION STARTED #######
27-Aug-22 15:51:43 - config JSON FOR CSV LOADED
27-Aug-22 15:51:43 - CSV LOADED
27-Aug-22 15:51:45 - TARGET DRIFT - produced global report
27-Aug-22 15:52:00 - TARGET DRIFT - produced weekly reports
27-Aug-22 15:52:00 - DATA DRIFT - produced global report
27-Aug-22 15:52:04 - DATA DRIFT - produced weekly reports
27-Aug-22 15:52:10 - CLASSIFICATION PERFORMANCE - produced global report
27-Aug-22 15:52:42 - CLASSIFICATION PERFORMANCE - produced weekly reports
27-Aug-22 15:54:36 - predict_automatch MONTHLY STABILITY - produced charts for all classes of variables by month
27-Aug-22 15:56:29 - class_acctual MONTHLY STABILITY - produced charts for all classes of variables by month
27-Aug-22 15:59:07 - predict_automatch WEEKLY STABILITY - produced charts for all classes of variables by week
27-Aug-22 16:09:31 - ####### MAIN FUNCTION STARTED #######
27-Aug-22 16:09:32 - config JSON FOR CSV LOADED
27-Aug-22 16:09:32 - CSV LOADED
27-Aug-22 16:12:10 - predict_automatch WEEKLY STABILITY - produced charts for all classes of variables by week
27-Aug-22 16:18:33 - ####### MAIN FUNCTION STARTED #######
27-Aug-22 16:18:33 - config JSON FOR CSV LOADED
27-Aug-22 16:18:33 - CSV LOADED
27-Aug-22 16:21:06 - predict_automatch WEEKLY STABILITY - produced charts for all variables by class and by month
27-Aug-22 16:28:12 - ####### MAIN FUNCTION STARTED #######
27-Aug-22 16:28:12 - config JSON FOR CSV LOADED
27-Aug-22 16:28:12 - CSV LOADED
27-Aug-22 16:29:22 - ####### MAIN FUNCTION STARTED #######
27-Aug-22 16:29:22 - config JSON FOR CSV LOADED
27-Aug-22 16:29:22 - CSV LOADED
27-Aug-22 16:30:15 - ####### MAIN FUNCTION STARTED #######
27-Aug-22 16:30:16 - config JSON FOR CSV LOADED
27-Aug-22 16:30:16 - CSV LOADED
27-Aug-22 16:30:16 - class_acctual WEEKLY STABILITY - produced charts for all variables by class and by month
27-Aug-22 16:30:16 - ####### MAIN FUNCTION DONE #######
27-Aug-22 16:30:44 - ####### MAIN FUNCTION STARTED #######
27-Aug-22 16:30:44 - config JSON FOR CSV LOADED
27-Aug-22 16:30:44 - CSV LOADED
27-Aug-22 16:31:25 - ####### MAIN FUNCTION STARTED #######
27-Aug-22 16:31:25 - config JSON FOR CSV LOADED
27-Aug-22 16:31:25 - CSV LOADED
27-Aug-22 16:31:25 - class_acctual WEEKLY STABILITY - produced charts for all variables by class and by month
27-Aug-22 16:31:25 - ####### MAIN FUNCTION DONE #######
27-Aug-22 16:31:46 - ####### MAIN FUNCTION STARTED #######
27-Aug-22 16:31:46 - config JSON FOR CSV LOADED
27-Aug-22 16:31:46 - CSV LOADED
27-Aug-22 16:31:46 - class_acctual WEEKLY STABILITY - produced charts for all variables by class and by month
27-Aug-22 16:31:46 - ####### MAIN FUNCTION DONE #######
27-Aug-22 16:32:20 - ####### MAIN FUNCTION STARTED #######
27-Aug-22 16:32:20 - config JSON FOR CSV LOADED
27-Aug-22 16:32:20 - CSV LOADED
27-Aug-22 16:32:21 - class_acctual WEEKLY STABILITY - produced charts for all variables by class and by month
27-Aug-22 16:32:21 - ####### MAIN FUNCTION DONE #######
27-Aug-22 16:32:38 - ####### MAIN FUNCTION STARTED #######
27-Aug-22 16:32:38 - config JSON FOR CSV LOADED
27-Aug-22 16:32:38 - CSV LOADED
27-Aug-22 16:33:35 - ####### MAIN FUNCTION STARTED #######
27-Aug-22 16:33:36 - config JSON FOR CSV LOADED
27-Aug-22 16:33:36 - CSV LOADED
27-Aug-22 16:33:36 - class_acctual WEEKLY STABILITY - produced charts for all variables by class and by month
27-Aug-22 16:33:36 - ####### MAIN FUNCTION DONE #######
27-Aug-22 16:34:03 - ####### MAIN FUNCTION STARTED #######
27-Aug-22 16:34:03 - config JSON FOR CSV LOADED
27-Aug-22 16:34:03 - CSV LOADED
27-Aug-22 16:34:03 - class_acctual WEEKLY STABILITY - produced charts for all variables by class and by month
27-Aug-22 16:34:03 - ####### MAIN FUNCTION DONE #######
27-Aug-22 16:34:23 - ####### MAIN FUNCTION STARTED #######
27-Aug-22 16:34:23 - config JSON FOR CSV LOADED
27-Aug-22 16:34:23 - CSV LOADED
27-Aug-22 16:37:01 - class_acctual WEEKLY STABILITY - produced charts for all variables by class and by month
27-Aug-22 16:37:01 - ####### MAIN FUNCTION DONE #######
27-Aug-22 16:37:52 - ####### MAIN FUNCTION STARTED #######
27-Aug-22 16:37:52 - config JSON FOR CSV LOADED
27-Aug-22 16:37:52 - CSV LOADED
27-Aug-22 16:40:39 - predict_automatch WEEKLY STABILITY - produced charts for all variables by class and by month
27-Aug-22 16:45:24 - ####### MAIN FUNCTION STARTED #######
27-Aug-22 16:45:24 - config JSON FOR CSV LOADED
27-Aug-22 16:45:24 - CSV LOADED
27-Aug-22 16:48:25 - class_acctual WEEKLY STABILITY - produced charts for all variables by class and by month
27-Aug-22 16:48:25 - ####### MAIN FUNCTION DONE #######
27-Aug-22 16:54:49 - ####### MAIN FUNCTION STARTED #######
27-Aug-22 16:54:49 - config JSON FOR CSV LOADED
27-Aug-22 16:54:49 - CSV LOADED
27-Aug-22 16:54:52 - TARGET DRIFT - produced global report
27-Aug-22 16:55:09 - TARGET DRIFT - produced weekly reports
27-Aug-22 16:55:09 - DATA DRIFT - produced global report
27-Aug-22 16:55:13 - DATA DRIFT - produced weekly reports
27-Aug-22 16:55:20 - CLASSIFICATION PERFORMANCE - produced global report
27-Aug-22 16:55:57 - CLASSIFICATION PERFORMANCE - produced weekly reports
27-Aug-22 16:58:03 - predict_automatch MONTHLY STABILITY - produced charts for all classes of variables by month
27-Aug-22 17:00:11 - class_acctual MONTHLY STABILITY - produced charts for all classes of variables by month
27-Aug-22 17:03:11 - class_acctual WEEKLY STABILITY - produced charts for all variables by class and by month
27-Aug-22 17:03:11 - ####### MAIN FUNCTION DONE #######
27-Aug-22 17:08:14 - ####### MAIN FUNCTION STARTED #######
27-Aug-22 17:08:14 - config JSON FOR CSV LOADED
27-Aug-22 17:08:14 - CSV LOADED
27-Aug-22 17:09:04 - ####### MAIN FUNCTION STARTED #######
27-Aug-22 17:09:04 - config JSON FOR CSV LOADED
27-Aug-22 17:09:04 - CSV LOADED
27-Aug-22 17:10:57 - class_acctual MONTHLY STABILITY - produced charts for all classes of variables by month
27-Aug-22 17:10:57 - class_acctual WEEKLY STABILITY - produced charts for all variables by class and by month
27-Aug-22 17:10:57 - ####### MAIN FUNCTION DONE #######
27-Aug-22 17:18:17 - ####### MAIN FUNCTION STARTED #######
27-Aug-22 17:18:17 - config JSON FOR CSV LOADED
27-Aug-22 17:18:17 - CSV LOADED
27-Aug-22 17:19:56 - ####### MAIN FUNCTION STARTED #######
27-Aug-22 17:19:56 - config JSON FOR CSV LOADED
27-Aug-22 17:19:56 - CSV LOADED
27-Aug-22 17:20:37 - ####### MAIN FUNCTION STARTED #######
27-Aug-22 17:20:37 - config JSON FOR CSV LOADED
27-Aug-22 17:20:37 - CSV LOADED
27-Aug-22 17:21:11 - ####### MAIN FUNCTION STARTED #######
27-Aug-22 17:21:11 - config JSON FOR CSV LOADED
27-Aug-22 17:21:11 - CSV LOADED
27-Aug-22 17:21:54 - ####### MAIN FUNCTION STARTED #######
27-Aug-22 17:21:54 - config JSON FOR CSV LOADED
27-Aug-22 17:21:54 - CSV LOADED
27-Aug-22 17:22:20 - ####### MAIN FUNCTION STARTED #######
27-Aug-22 17:22:21 - config JSON FOR CSV LOADED
27-Aug-22 17:22:21 - CSV LOADED
27-Aug-22 17:22:40 - ####### MAIN FUNCTION STARTED #######
27-Aug-22 17:22:40 - config JSON FOR CSV LOADED
27-Aug-22 17:22:40 - CSV LOADED
27-Aug-22 17:25:11 - ####### MAIN FUNCTION STARTED #######
27-Aug-22 17:25:11 - config JSON FOR CSV LOADED
27-Aug-22 17:25:11 - CSV LOADED
27-Aug-22 17:27:02 - class_acctual MONTHLY STABILITY - produced charts for all classes of variables by month
27-Aug-22 17:27:02 - class_acctual WEEKLY STABILITY - produced charts for all variables by class and by month
27-Aug-22 17:27:02 - ####### MAIN FUNCTION DONE #######
27-Aug-22 17:29:21 - ####### MAIN FUNCTION STARTED #######
27-Aug-22 17:29:21 - config JSON FOR CSV LOADED
27-Aug-22 17:29:21 - CSV LOADED
27-Aug-22 17:29:42 - ####### MAIN FUNCTION STARTED #######
27-Aug-22 17:29:42 - config JSON FOR CSV LOADED
27-Aug-22 17:29:42 - CSV LOADED
27-Aug-22 17:31:34 - predict_automatch MONTHLY STABILITY - produced charts for all classes of variables by month
27-Aug-22 17:33:27 - class_acctual MONTHLY STABILITY - produced charts for all classes of variables by month
27-Aug-22 17:36:07 - class_acctual WEEKLY STABILITY - produced charts for all variables by class and by month
27-Aug-22 17:36:07 - ####### MAIN FUNCTION DONE #######
27-Aug-22 17:42:17 - ####### MAIN FUNCTION STARTED #######
27-Aug-22 17:42:17 - config JSON FOR CSV LOADED
27-Aug-22 17:42:17 - CSV LOADED
27-Aug-22 17:42:20 - TARGET DRIFT - produced global report
27-Aug-22 17:42:35 - TARGET DRIFT - produced weekly reports
27-Aug-22 17:42:35 - DATA DRIFT - produced global report
27-Aug-22 17:42:39 - DATA DRIFT - produced weekly reports
27-Aug-22 17:42:45 - CLASSIFICATION PERFORMANCE - produced global report
27-Aug-22 17:43:17 - CLASSIFICATION PERFORMANCE - produced weekly reports
27-Aug-22 17:43:50 - ####### MAIN FUNCTION STARTED #######
27-Aug-22 17:43:51 - config JSON FOR CSV LOADED
27-Aug-22 17:43:51 - CSV LOADED
27-Aug-22 17:43:53 - TARGET DRIFT - produced global report
27-Aug-22 17:44:08 - TARGET DRIFT - produced weekly reports
27-Aug-22 17:44:09 - DATA DRIFT - produced global report
27-Aug-22 17:44:12 - DATA DRIFT - produced weekly reports
27-Aug-22 17:44:18 - CLASSIFICATION PERFORMANCE - produced global report
27-Aug-22 17:44:50 - CLASSIFICATION PERFORMANCE - produced weekly reports
27-Aug-22 17:45:31 - ####### MAIN FUNCTION STARTED #######
27-Aug-22 17:45:32 - config JSON FOR CSV LOADED
27-Aug-22 17:45:32 - CSV LOADED
27-Aug-22 17:45:34 - TARGET DRIFT - produced global report
27-Aug-22 17:45:49 - TARGET DRIFT - produced weekly reports
27-Aug-22 17:45:50 - DATA DRIFT - produced global report
27-Aug-22 17:45:53 - DATA DRIFT - produced weekly reports
27-Aug-22 17:46:00 - CLASSIFICATION PERFORMANCE - produced global report
27-Aug-22 17:46:31 - CLASSIFICATION PERFORMANCE - produced weekly reports
27-Aug-22 17:48:27 - predict_automatch MONTHLY STABILITY - produced charts for all classes of variables by month
27-Aug-22 17:51:45 - ####### MAIN FUNCTION STARTED #######
27-Aug-22 17:51:45 - config JSON FOR CSV LOADED
27-Aug-22 17:51:45 - CSV LOADED
27-Aug-22 17:51:47 - TARGET DRIFT - produced global report
27-Aug-22 17:52:02 - TARGET DRIFT - produced weekly reports
27-Aug-22 17:52:03 - DATA DRIFT - produced global report
27-Aug-22 17:52:06 - DATA DRIFT - produced weekly reports
27-Aug-22 17:52:12 - CLASSIFICATION PERFORMANCE - produced global report
27-Aug-22 17:52:44 - CLASSIFICATION PERFORMANCE - produced weekly reports
27-Aug-22 17:55:16 - class_acctual WEEKLY STABILITY - produced charts for all variables by class and by month
27-Aug-22 17:55:16 - ####### MAIN FUNCTION DONE #######
27-Aug-22 18:01:43 - ####### MAIN FUNCTION STARTED #######
27-Aug-22 18:01:43 - config JSON FOR CSV LOADED
27-Aug-22 18:01:43 - CSV LOADED
27-Aug-22 18:01:45 - TARGET DRIFT - produced global report
27-Aug-22 18:02:01 - TARGET DRIFT - produced weekly reports
27-Aug-22 18:02:01 - DATA DRIFT - produced global report
27-Aug-22 18:02:05 - DATA DRIFT - produced weekly reports
27-Aug-22 18:02:11 - CLASSIFICATION PERFORMANCE - produced global report
27-Aug-22 18:02:43 - CLASSIFICATION PERFORMANCE - produced weekly reports
27-Aug-22 18:05:18 - predict_automatch WEEKLY STABILITY - produced charts for all variables by class and by month
27-Aug-22 18:06:34 - ####### MAIN FUNCTION STARTED #######
27-Aug-22 18:06:34 - config JSON FOR CSV LOADED
27-Aug-22 18:06:34 - CSV LOADED
27-Aug-22 18:06:37 - TARGET DRIFT - produced global report
27-Aug-22 18:06:52 - TARGET DRIFT - produced weekly reports
27-Aug-22 18:06:52 - DATA DRIFT - produced global report
27-Aug-22 18:06:56 - DATA DRIFT - produced weekly reports
27-Aug-22 18:07:02 - CLASSIFICATION PERFORMANCE - produced global report
27-Aug-22 18:07:34 - CLASSIFICATION PERFORMANCE - produced weekly reports
27-Aug-22 18:10:12 - predict_automatch WEEKLY STABILITY - produced charts for all variables by class and by month
27-Aug-22 18:15:12 - ####### MAIN FUNCTION STARTED #######
27-Aug-22 18:15:12 - config JSON FOR CSV LOADED
27-Aug-22 18:15:12 - CSV LOADED
27-Aug-22 18:15:14 - TARGET DRIFT - produced global report
27-Aug-22 18:15:29 - TARGET DRIFT - produced weekly reports
27-Aug-22 18:15:30 - DATA DRIFT - produced global report
27-Aug-22 18:15:33 - DATA DRIFT - produced weekly reports
27-Aug-22 18:15:40 - CLASSIFICATION PERFORMANCE - produced global report
27-Aug-22 18:16:12 - CLASSIFICATION PERFORMANCE - produced weekly reports
27-Aug-22 18:18:52 - predict_automatch WEEKLY STABILITY - produced charts for all variables by class and by month
27-Aug-22 18:18:52 - ####### MAIN FUNCTION DONE #######
28-Aug-22 10:57:07 - ####### MAIN FUNCTION STARTED #######
28-Aug-22 10:57:07 - config JSON FOR CSV LOADED
28-Aug-22 10:57:07 - CSV LOADED
28-Aug-22 10:57:11 - TARGET DRIFT - produced global report
28-Aug-22 10:57:27 - TARGET DRIFT - produced weekly reports
28-Aug-22 10:57:27 - DATA DRIFT - produced global report
28-Aug-22 10:57:31 - DATA DRIFT - produced weekly reports
28-Aug-22 10:57:38 - CLASSIFICATION PERFORMANCE - produced global report
28-Aug-22 10:58:17 - CLASSIFICATION PERFORMANCE - produced weekly reports
28-Aug-22 11:01:09 - predict_automatch WEEKLY STABILITY - produced charts for all variables by class and by month
28-Aug-22 11:01:09 - ####### MAIN FUNCTION DONE #######
28-Aug-22 11:30:17 - ####### MAIN FUNCTION STARTED #######
28-Aug-22 11:30:17 - config JSON FOR CSV LOADED
28-Aug-22 11:30:17 - CSV LOADED
28-Aug-22 11:30:20 - TARGET DRIFT - produced global report
28-Aug-22 11:30:36 - TARGET DRIFT - produced weekly reports
28-Aug-22 11:30:36 - DATA DRIFT - produced global report
28-Aug-22 11:30:40 - DATA DRIFT - produced weekly reports
28-Aug-22 11:30:47 - CLASSIFICATION PERFORMANCE - produced global report
28-Aug-22 11:31:21 - CLASSIFICATION PERFORMANCE - produced weekly reports
28-Aug-22 11:34:09 - predict_automatch WEEKLY STABILITY - produced charts for all variables by class and by month
28-Aug-22 11:34:09 - ####### MAIN FUNCTION DONE #######
28-Aug-22 11:47:47 - ####### MAIN FUNCTION STARTED #######
28-Aug-22 11:47:47 - config JSON FOR CSV LOADED
28-Aug-22 11:47:47 - CSV LOADED
28-Aug-22 11:48:03 - ####### MAIN FUNCTION STARTED #######
28-Aug-22 11:48:03 - config JSON FOR CSV LOADED
28-Aug-22 11:48:03 - CSV LOADED
28-Aug-22 11:49:16 - ####### MAIN FUNCTION STARTED #######
28-Aug-22 11:49:16 - config JSON FOR CSV LOADED
28-Aug-22 11:49:16 - CSV LOADED
28-Aug-22 11:50:02 - ####### MAIN FUNCTION STARTED #######
28-Aug-22 11:50:02 - config JSON FOR CSV LOADED
28-Aug-22 11:50:02 - CSV LOADED
28-Aug-22 11:50:25 - ####### MAIN FUNCTION STARTED #######
28-Aug-22 11:50:25 - config JSON FOR CSV LOADED
28-Aug-22 11:50:25 - CSV LOADED
28-Aug-22 11:53:05 - ####### MAIN FUNCTION STARTED #######
28-Aug-22 11:53:05 - config JSON FOR CSV LOADED
28-Aug-22 11:53:05 - CSV LOADED
28-Aug-22 11:54:03 - ####### MAIN FUNCTION STARTED #######
28-Aug-22 11:54:04 - config JSON FOR CSV LOADED
28-Aug-22 11:54:04 - CSV LOADED
28-Aug-22 11:54:19 - ####### MAIN FUNCTION STARTED #######
28-Aug-22 11:54:19 - config JSON FOR CSV LOADED
28-Aug-22 11:54:19 - CSV LOADED
28-Aug-22 11:54:21 - TARGET DRIFT - produced global report
28-Aug-22 11:54:37 - TARGET DRIFT - produced weekly reports
28-Aug-22 11:54:38 - DATA DRIFT - produced global report
28-Aug-22 11:54:42 - DATA DRIFT - produced weekly reports
28-Aug-22 11:54:49 - CLASSIFICATION PERFORMANCE - produced global report
28-Aug-22 11:56:16 - ####### MAIN FUNCTION STARTED #######
28-Aug-22 11:56:16 - config JSON FOR CSV LOADED
28-Aug-22 11:56:16 - CSV LOADED
28-Aug-22 11:56:19 - TARGET DRIFT - produced global report
28-Aug-22 11:56:34 - TARGET DRIFT - produced weekly reports
28-Aug-22 11:56:35 - DATA DRIFT - produced global report
28-Aug-22 11:56:39 - DATA DRIFT - produced weekly reports
28-Aug-22 11:56:45 - CLASSIFICATION PERFORMANCE - produced global report
28-Aug-22 11:57:20 - ####### MAIN FUNCTION STARTED #######
28-Aug-22 11:57:20 - config JSON FOR CSV LOADED
28-Aug-22 11:57:20 - CSV LOADED
28-Aug-22 11:57:29 - ####### MAIN FUNCTION STARTED #######
28-Aug-22 11:57:29 - config JSON FOR CSV LOADED
28-Aug-22 11:57:29 - CSV LOADED
28-Aug-22 11:57:32 - TARGET DRIFT - produced global report
28-Aug-22 11:57:47 - TARGET DRIFT - produced weekly reports
28-Aug-22 11:57:48 - DATA DRIFT - produced global report
28-Aug-22 11:58:01 - ####### MAIN FUNCTION STARTED #######
28-Aug-22 11:58:01 - config JSON FOR CSV LOADED
28-Aug-22 11:58:01 - CSV LOADED
28-Aug-22 12:00:26 - ####### MAIN FUNCTION STARTED #######
28-Aug-22 12:00:26 - config JSON FOR CSV LOADED
28-Aug-22 12:00:26 - CSV LOADED
28-Aug-22 12:01:32 - ####### MAIN FUNCTION STARTED #######
28-Aug-22 12:01:33 - config JSON FOR CSV LOADED
28-Aug-22 12:01:33 - CSV LOADED
28-Aug-22 12:02:03 - ####### MAIN FUNCTION STARTED #######
28-Aug-22 12:02:03 - config JSON FOR CSV LOADED
28-Aug-22 12:02:03 - CSV LOADED
28-Aug-22 12:02:35 - ####### MAIN FUNCTION STARTED #######
28-Aug-22 12:02:35 - config JSON FOR CSV LOADED
28-Aug-22 12:02:35 - CSV LOADED
28-Aug-22 12:04:13 - ####### MAIN FUNCTION STARTED #######
28-Aug-22 12:04:14 - config JSON FOR CSV LOADED
28-Aug-22 12:04:14 - CSV LOADED
28-Aug-22 12:08:00 - ####### MAIN FUNCTION STARTED #######
28-Aug-22 12:08:00 - config JSON FOR CSV LOADED
28-Aug-22 12:08:00 - CSV LOADED
28-Aug-22 12:08:02 - TARGET DRIFT - produced global report
28-Aug-22 12:08:18 - TARGET DRIFT - produced weekly reports
28-Aug-22 12:08:19 - DATA DRIFT - produced global report
28-Aug-22 12:08:23 - DATA DRIFT - produced weekly reports
28-Aug-22 12:08:29 - CLASSIFICATION PERFORMANCE - produced global report
28-Aug-22 12:09:04 - CLASSIFICATION PERFORMANCE - produced weekly reports
28-Aug-22 12:11:53 - predict_automatch WEEKLY STABILITY - produced charts for all variables by class and by month
28-Aug-22 12:11:53 - ####### MAIN FUNCTION DONE #######
28-Aug-22 12:12:42 - ####### MAIN FUNCTION STARTED #######
28-Aug-22 12:12:42 - config JSON FOR CSV LOADED
28-Aug-22 12:12:42 - CSV LOADED
28-Aug-22 12:14:06 - ####### MAIN FUNCTION STARTED #######
28-Aug-22 12:14:06 - config JSON FOR CSV LOADED
28-Aug-22 12:14:06 - CSV LOADED
28-Aug-22 12:14:38 - ####### MAIN FUNCTION STARTED #######
28-Aug-22 12:14:38 - config JSON FOR CSV LOADED
28-Aug-22 12:14:38 - CSV LOADED
28-Aug-22 12:15:32 - ####### MAIN FUNCTION STARTED #######
28-Aug-22 12:15:32 - config JSON FOR CSV LOADED
28-Aug-22 12:15:32 - CSV LOADED
28-Aug-22 12:16:45 - ####### MAIN FUNCTION STARTED #######
28-Aug-22 12:16:45 - config JSON FOR CSV LOADED
28-Aug-22 12:16:45 - CSV LOADED
28-Aug-22 12:17:59 - ####### MAIN FUNCTION STARTED #######
28-Aug-22 12:17:59 - config JSON FOR CSV LOADED
28-Aug-22 12:17:59 - CSV LOADED
28-Aug-22 12:19:08 - ####### MAIN FUNCTION STARTED #######
28-Aug-22 12:19:09 - config JSON FOR CSV LOADED
28-Aug-22 12:19:09 - CSV LOADED
28-Aug-22 12:19:57 - ####### MAIN FUNCTION STARTED #######
28-Aug-22 12:19:57 - config JSON FOR CSV LOADED
28-Aug-22 12:19:57 - CSV LOADED
28-Aug-22 12:20:12 - ####### MAIN FUNCTION STARTED #######
28-Aug-22 12:20:12 - config JSON FOR CSV LOADED
28-Aug-22 12:20:12 - CSV LOADED
28-Aug-22 12:21:40 - ####### MAIN FUNCTION STARTED #######
28-Aug-22 12:21:40 - config JSON FOR CSV LOADED
28-Aug-22 12:21:40 - CSV LOADED
28-Aug-22 12:22:16 - ####### MAIN FUNCTION STARTED #######
28-Aug-22 12:22:16 - config JSON FOR CSV LOADED
28-Aug-22 12:22:16 - CSV LOADED
28-Aug-22 12:22:18 - TARGET DRIFT - produced global report
28-Aug-22 12:22:34 - TARGET DRIFT - produced weekly reports
28-Aug-22 12:22:35 - DATA DRIFT - produced global report
28-Aug-22 12:22:38 - DATA DRIFT - produced weekly reports
28-Aug-22 12:22:45 - CLASSIFICATION PERFORMANCE - produced global report
28-Aug-22 12:23:20 - CLASSIFICATION PERFORMANCE - produced weekly reports
28-Aug-22 12:26:07 - predict_automatch WEEKLY STABILITY - produced charts for all variables by class and by month
28-Aug-22 12:26:07 - ####### MAIN FUNCTION DONE #######
28-Aug-22 12:45:32 - ####### MAIN FUNCTION STARTED #######
28-Aug-22 12:45:32 - config JSON FOR CSV LOADED
28-Aug-22 12:45:32 - CSV LOADED
28-Aug-22 12:45:54 - ####### MAIN FUNCTION STARTED #######
28-Aug-22 12:45:54 - config JSON FOR CSV LOADED
28-Aug-22 12:45:54 - CSV LOADED
28-Aug-22 12:46:40 - ####### MAIN FUNCTION STARTED #######
28-Aug-22 12:46:40 - config JSON FOR CSV LOADED
28-Aug-22 12:46:40 - CSV LOADED
28-Aug-22 12:46:58 - ####### MAIN FUNCTION STARTED #######
28-Aug-22 12:46:58 - config JSON FOR CSV LOADED
28-Aug-22 12:46:58 - CSV LOADED
28-Aug-22 12:47:41 - ####### MAIN FUNCTION STARTED #######
28-Aug-22 12:47:41 - config JSON FOR CSV LOADED
28-Aug-22 12:47:41 - CSV LOADED
28-Aug-22 12:47:58 - ####### MAIN FUNCTION STARTED #######
28-Aug-22 12:47:58 - config JSON FOR CSV LOADED
28-Aug-22 12:47:58 - CSV LOADED
28-Aug-22 12:48:05 - TARGET DRIFT - produced global report
28-Aug-22 13:07:47 - ####### MAIN FUNCTION STARTED #######
28-Aug-22 13:07:48 - config JSON FOR CSV LOADED
28-Aug-22 13:07:48 - CSV LOADED
28-Aug-22 13:08:00 - ####### MAIN FUNCTION STARTED #######
28-Aug-22 13:08:00 - config JSON FOR CSV LOADED
28-Aug-22 13:08:00 - CSV LOADED
28-Aug-22 13:08:02 - TARGET DRIFT - produced global report
28-Aug-22 13:08:19 - TARGET DRIFT - produced weekly reports
28-Aug-22 13:08:20 - DATA DRIFT - produced global report
28-Aug-22 13:08:23 - DATA DRIFT - produced weekly reports
28-Aug-22 13:08:30 - CLASSIFICATION PERFORMANCE - produced global report
28-Aug-22 13:09:04 - CLASSIFICATION PERFORMANCE - produced weekly reports
28-Aug-22 13:11:58 - predict_automatch WEEKLY STABILITY - produced charts for all variables by class and by month
28-Aug-22 13:11:58 - ####### MAIN FUNCTION DONE #######
28-Aug-22 13:19:02 - ####### MAIN FUNCTION STARTED #######
28-Aug-22 13:19:02 - config JSON FOR CSV LOADED
28-Aug-22 13:19:02 - CSV LOADED
28-Aug-22 13:19:04 - TARGET DRIFT - produced global report
28-Aug-22 13:19:20 - TARGET DRIFT - produced weekly reports
28-Aug-22 13:19:21 - DATA DRIFT - produced global report
28-Aug-22 13:19:24 - DATA DRIFT - produced weekly reports
28-Aug-22 13:19:31 - CLASSIFICATION PERFORMANCE - produced global report
28-Aug-22 13:20:05 - CLASSIFICATION PERFORMANCE - produced weekly reports
28-Aug-22 13:20:19 - ####### MAIN FUNCTION STARTED #######
28-Aug-22 13:20:19 - config JSON FOR CSV LOADED
28-Aug-22 13:20:19 - CSV LOADED
28-Aug-22 13:21:18 - ####### MAIN FUNCTION STARTED #######
28-Aug-22 13:21:18 - config JSON FOR CSV LOADED
28-Aug-22 13:21:18 - CSV LOADED
28-Aug-22 13:21:21 - TARGET DRIFT - produced global report
28-Aug-22 13:21:37 - TARGET DRIFT - produced weekly reports
28-Aug-22 13:21:37 - DATA DRIFT - produced global report
28-Aug-22 13:21:41 - DATA DRIFT - produced weekly reports
28-Aug-22 13:21:48 - CLASSIFICATION PERFORMANCE - produced global report
28-Aug-22 13:22:21 - CLASSIFICATION PERFORMANCE - produced weekly reports
28-Aug-22 13:25:10 - predict_automatch WEEKLY STABILITY - produced charts for all variables by class and by month
28-Aug-22 13:25:10 - ####### MAIN FUNCTION DONE #######
28-Aug-22 13:25:30 - ####### MAIN FUNCTION STARTED #######
28-Aug-22 13:25:30 - config JSON FOR CSV LOADED
28-Aug-22 13:25:30 - CSV LOADED
28-Aug-22 13:25:33 - TARGET DRIFT - produced global report
28-Aug-22 13:25:49 - TARGET DRIFT - produced weekly reports
28-Aug-22 13:25:50 - DATA DRIFT - produced global report
28-Aug-22 13:25:53 - DATA DRIFT - produced weekly reports
28-Aug-22 13:26:00 - CLASSIFICATION PERFORMANCE - produced global report
28-Aug-22 13:26:28 - ####### MAIN FUNCTION STARTED #######
28-Aug-22 13:26:28 - config JSON FOR CSV LOADED
28-Aug-22 13:26:28 - CSV LOADED
28-Aug-22 13:26:49 - ####### MAIN FUNCTION STARTED #######
28-Aug-22 13:26:49 - config JSON FOR CSV LOADED
28-Aug-22 13:26:49 - CSV LOADED
28-Aug-22 13:26:49 - TARGET DRIFT - produced global report
28-Aug-22 13:27:06 - TARGET DRIFT - produced weekly reports
28-Aug-22 13:27:06 - DATA DRIFT - produced global report
28-Aug-22 13:27:10 - DATA DRIFT - produced weekly reports
28-Aug-22 13:27:17 - CLASSIFICATION PERFORMANCE - produced global report
28-Aug-22 13:27:39 - ####### MAIN FUNCTION STARTED #######
28-Aug-22 13:27:39 - config JSON FOR CSV LOADED
28-Aug-22 13:27:39 - CSV LOADED
28-Aug-22 13:27:55 - ####### MAIN FUNCTION STARTED #######
28-Aug-22 13:27:55 - config JSON FOR CSV LOADED
28-Aug-22 13:27:55 - CSV LOADED
28-Aug-22 13:28:09 - ####### MAIN FUNCTION STARTED #######
28-Aug-22 13:28:09 - config JSON FOR CSV LOADED
28-Aug-22 13:28:09 - CSV LOADED
28-Aug-22 13:28:11 - TARGET DRIFT - produced global report
28-Aug-22 13:28:27 - TARGET DRIFT - produced weekly reports
28-Aug-22 13:28:27 - DATA DRIFT - produced global report
28-Aug-22 13:28:31 - DATA DRIFT - produced weekly reports
28-Aug-22 13:28:38 - CLASSIFICATION PERFORMANCE - produced global report
28-Aug-22 13:29:11 - CLASSIFICATION PERFORMANCE - produced weekly reports
28-Aug-22 13:31:59 - predict_automatch WEEKLY STABILITY - produced charts for all variables by class and by month
28-Aug-22 13:31:59 - ####### MAIN FUNCTION DONE #######
28-Aug-22 14:11:08 - ####### MAIN FUNCTION STARTED #######
28-Aug-22 14:11:09 - config JSON FOR CSV LOADED
28-Aug-22 14:11:09 - CSV LOADED
28-Aug-22 14:11:11 - TARGET DRIFT - produced global report
28-Aug-22 14:11:28 - TARGET DRIFT - produced weekly reports
28-Aug-22 14:11:28 - DATA DRIFT - produced global report
28-Aug-22 14:11:32 - DATA DRIFT - produced weekly reports
28-Aug-22 14:11:39 - CLASSIFICATION PERFORMANCE - produced global report
28-Aug-22 14:12:12 - CLASSIFICATION PERFORMANCE - produced weekly reports
28-Aug-22 14:15:07 - predict_automatch WEEKLY STABILITY - produced charts for all variables by class and by month
28-Aug-22 14:15:07 - ####### MAIN FUNCTION DONE #######
29-Aug-22 20:47:45 - ####### MAIN FUNCTION STARTED #######
29-Aug-22 20:47:46 - config JSON FOR CSV LOADED
29-Aug-22 20:47:46 - CSV LOADED
29-Aug-22 20:47:53 - CLASSIFICATION PERFORMANCE - produced global report
29-Aug-22 20:51:39 - ####### MAIN FUNCTION STARTED #######
29-Aug-22 20:51:39 - config JSON FOR CSV LOADED
29-Aug-22 20:51:39 - CSV LOADED
29-Aug-22 20:51:46 - CLASSIFICATION PERFORMANCE - produced global report
29-Aug-22 20:53:06 - ####### MAIN FUNCTION STARTED #######
29-Aug-22 20:53:06 - config JSON FOR CSV LOADED
29-Aug-22 20:53:06 - CSV LOADED
29-Aug-22 20:53:13 - CLASSIFICATION PERFORMANCE - produced global report
29-Aug-22 20:54:06 - ####### MAIN FUNCTION STARTED #######
29-Aug-22 20:54:06 - config JSON FOR CSV LOADED
29-Aug-22 20:54:06 - CSV LOADED
29-Aug-22 20:54:13 - CLASSIFICATION PERFORMANCE - produced global report
29-Aug-22 20:54:55 - ####### MAIN FUNCTION STARTED #######
29-Aug-22 20:54:55 - config JSON FOR CSV LOADED
29-Aug-22 20:54:55 - CSV LOADED
29-Aug-22 20:55:02 - CLASSIFICATION PERFORMANCE - produced global report
29-Aug-22 20:56:26 - ####### MAIN FUNCTION STARTED #######
29-Aug-22 20:56:26 - config JSON FOR CSV LOADED
29-Aug-22 20:56:26 - CSV LOADED
29-Aug-22 20:56:33 - CLASSIFICATION PERFORMANCE - produced global report
29-Aug-22 20:57:46 - ####### MAIN FUNCTION STARTED #######
29-Aug-22 20:57:46 - config JSON FOR CSV LOADED
29-Aug-22 20:57:46 - CSV LOADED
29-Aug-22 20:57:53 - CLASSIFICATION PERFORMANCE - produced global report
29-Aug-22 20:58:29 - ####### MAIN FUNCTION STARTED #######
29-Aug-22 20:58:29 - config JSON FOR CSV LOADED
29-Aug-22 20:58:29 - CSV LOADED
29-Aug-22 20:58:36 - CLASSIFICATION PERFORMANCE - produced global report
29-Aug-22 21:01:06 - ####### MAIN FUNCTION STARTED #######
29-Aug-22 21:01:06 - config JSON FOR CSV LOADED
29-Aug-22 21:01:06 - CSV LOADED
29-Aug-22 21:01:13 - CLASSIFICATION PERFORMANCE - produced global report
29-Aug-22 21:01:57 - ####### MAIN FUNCTION STARTED #######
29-Aug-22 21:01:58 - config JSON FOR CSV LOADED
29-Aug-22 21:01:58 - CSV LOADED
29-Aug-22 21:02:04 - CLASSIFICATION PERFORMANCE - produced global report
29-Aug-22 21:02:10 - CLASSIFICATION PERFORMANCE - produced custom report
29-Aug-22 21:02:10 - ####### MAIN FUNCTION DONE #######
29-Aug-22 21:02:26 - ####### MAIN FUNCTION STARTED #######
29-Aug-22 21:02:26 - config JSON FOR CSV LOADED
29-Aug-22 21:02:26 - CSV LOADED
29-Aug-22 21:02:33 - CLASSIFICATION PERFORMANCE - produced global report
29-Aug-22 21:02:39 - CLASSIFICATION PERFORMANCE - produced custom report
29-Aug-22 21:02:39 - ####### MAIN FUNCTION DONE #######
29-Aug-22 21:03:22 - ####### MAIN FUNCTION STARTED #######
29-Aug-22 21:03:22 - config JSON FOR CSV LOADED
29-Aug-22 21:03:22 - CSV LOADED
29-Aug-22 21:03:29 - CLASSIFICATION PERFORMANCE - produced global report
29-Aug-22 21:03:35 - CLASSIFICATION PERFORMANCE - produced custom report
29-Aug-22 21:03:35 - ####### MAIN FUNCTION DONE #######
29-Aug-22 21:04:35 - ####### MAIN FUNCTION STARTED #######
29-Aug-22 21:04:36 - config JSON FOR CSV LOADED
29-Aug-22 21:04:36 - CSV LOADED
29-Aug-22 21:04:42 - CLASSIFICATION PERFORMANCE - produced global report
29-Aug-22 21:04:48 - CLASSIFICATION PERFORMANCE - produced custom report
29-Aug-22 21:04:48 - ####### MAIN FUNCTION DONE #######
29-Aug-22 21:18:17 - ####### MAIN FUNCTION STARTED #######
29-Aug-22 21:18:17 - config JSON FOR CSV LOADED
29-Aug-22 21:18:17 - CSV LOADED
29-Aug-22 21:18:24 - CLASSIFICATION PERFORMANCE - produced global report
29-Aug-22 21:18:30 - CLASSIFICATION PERFORMANCE - produced custom report
29-Aug-22 21:18:30 - ####### MAIN FUNCTION DONE #######
29-Aug-22 21:19:08 - ####### MAIN FUNCTION STARTED #######
29-Aug-22 21:19:08 - config JSON FOR CSV LOADED
29-Aug-22 21:19:08 - CSV LOADED
29-Aug-22 21:19:15 - CLASSIFICATION PERFORMANCE - produced global report
29-Aug-22 21:19:17 - CLASSIFICATION PERFORMANCE - produced custom report
29-Aug-22 21:19:17 - ####### MAIN FUNCTION DONE #######
29-Aug-22 21:24:17 - ####### MAIN FUNCTION STARTED #######
29-Aug-22 21:24:17 - config JSON FOR CSV LOADED
29-Aug-22 21:24:17 - CSV LOADED
29-Aug-22 21:24:24 - CLASSIFICATION PERFORMANCE - produced global report
29-Aug-22 21:24:26 - CLASSIFICATION PERFORMANCE - produced custom report
29-Aug-22 21:24:26 - ####### MAIN FUNCTION DONE #######
29-Aug-22 21:30:55 - ####### MAIN FUNCTION STARTED #######
29-Aug-22 21:30:55 - config JSON FOR CSV LOADED
29-Aug-22 21:30:55 - CSV LOADED
29-Aug-22 21:31:02 - CLASSIFICATION PERFORMANCE - produced global report
29-Aug-22 21:31:15 - ####### MAIN FUNCTION STARTED #######
29-Aug-22 21:31:15 - config JSON FOR CSV LOADED
29-Aug-22 21:31:15 - CSV LOADED
29-Aug-22 21:31:22 - CLASSIFICATION PERFORMANCE - produced global report
29-Aug-22 21:31:27 - CLASSIFICATION PERFORMANCE - produced custom report
29-Aug-22 21:31:27 - ####### MAIN FUNCTION DONE #######
29-Aug-22 21:32:59 - ####### MAIN FUNCTION STARTED #######
29-Aug-22 21:32:59 - config JSON FOR CSV LOADED
29-Aug-22 21:32:59 - CSV LOADED
29-Aug-22 21:33:06 - CLASSIFICATION PERFORMANCE - produced global report
29-Aug-22 21:33:08 - CLASSIFICATION PERFORMANCE - produced custom report
29-Aug-22 21:33:08 - ####### MAIN FUNCTION DONE #######
29-Aug-22 21:37:36 - ####### MAIN FUNCTION STARTED #######
29-Aug-22 21:37:36 - config JSON FOR CSV LOADED
29-Aug-22 21:37:36 - CSV LOADED
29-Aug-22 21:37:43 - CLASSIFICATION PERFORMANCE - produced global report
29-Aug-22 21:37:47 - CLASSIFICATION PERFORMANCE - produced custom report
29-Aug-22 21:37:47 - ####### MAIN FUNCTION DONE #######
29-Aug-22 22:13:17 - ####### MAIN FUNCTION STARTED #######
29-Aug-22 22:13:17 - config JSON FOR CSV LOADED
29-Aug-22 22:13:17 - CSV LOADED
29-Aug-22 22:13:24 - CLASSIFICATION PERFORMANCE - produced global report
29-Aug-22 22:13:28 - CLASSIFICATION PERFORMANCE - produced custom report
29-Aug-22 22:13:28 - ####### MAIN FUNCTION DONE #######
29-Aug-22 22:14:46 - ####### MAIN FUNCTION STARTED #######
29-Aug-22 22:14:46 - config JSON FOR CSV LOADED
29-Aug-22 22:14:46 - CSV LOADED
29-Aug-22 22:14:53 - CLASSIFICATION PERFORMANCE - produced global report
29-Aug-22 22:14:55 - CLASSIFICATION PERFORMANCE - produced custom report
29-Aug-22 22:14:55 - ####### MAIN FUNCTION DONE #######
29-Aug-22 22:15:54 - ####### MAIN FUNCTION STARTED #######
29-Aug-22 22:15:54 - config JSON FOR CSV LOADED
29-Aug-22 22:15:54 - CSV LOADED
29-Aug-22 22:16:01 - CLASSIFICATION PERFORMANCE - produced global report
29-Aug-22 22:16:03 - CLASSIFICATION PERFORMANCE - produced custom report
29-Aug-22 22:16:03 - ####### MAIN FUNCTION DONE #######
29-Aug-22 22:22:00 - ####### MAIN FUNCTION STARTED #######
29-Aug-22 22:22:01 - config JSON FOR CSV LOADED
29-Aug-22 22:22:01 - CSV LOADED
29-Aug-22 22:22:07 - CLASSIFICATION PERFORMANCE - produced global report
29-Aug-22 22:22:10 - CLASSIFICATION PERFORMANCE - produced custom report
29-Aug-22 22:22:10 - ####### MAIN FUNCTION DONE #######
29-Aug-22 22:22:29 - ####### MAIN FUNCTION STARTED #######
29-Aug-22 22:22:29 - config JSON FOR CSV LOADED
29-Aug-22 22:22:29 - CSV LOADED
29-Aug-22 22:22:36 - CLASSIFICATION PERFORMANCE - produced global report
29-Aug-22 22:22:38 - CLASSIFICATION PERFORMANCE - produced custom report
29-Aug-22 22:22:38 - ####### MAIN FUNCTION DONE #######
29-Aug-22 22:24:27 - ####### MAIN FUNCTION STARTED #######
29-Aug-22 22:24:27 - config JSON FOR CSV LOADED
29-Aug-22 22:24:27 - CSV LOADED
29-Aug-22 22:24:34 - CLASSIFICATION PERFORMANCE - produced global report
29-Aug-22 22:24:38 - CLASSIFICATION PERFORMANCE - produced custom report
29-Aug-22 22:24:38 - ####### MAIN FUNCTION DONE #######
29-Aug-22 23:29:03 - ####### MAIN FUNCTION STARTED #######
29-Aug-22 23:29:04 - config JSON FOR CSV LOADED
29-Aug-22 23:29:04 - CSV LOADED
29-Aug-22 23:29:41 - ####### MAIN FUNCTION STARTED #######
29-Aug-22 23:29:41 - config JSON FOR CSV LOADED
29-Aug-22 23:29:41 - CSV LOADED
29-Aug-22 23:29:57 - ####### MAIN FUNCTION STARTED #######
29-Aug-22 23:29:57 - config JSON FOR CSV LOADED
29-Aug-22 23:29:57 - CSV LOADED
29-Aug-22 23:29:59 - TARGET DRIFT - produced global report
29-Aug-22 23:30:05 - CLASSIFICATION PERFORMANCE - produced global report
29-Aug-22 23:30:09 - CLASSIFICATION PERFORMANCE - produced custom report
29-Aug-22 23:30:09 - ####### MAIN FUNCTION DONE #######
29-Aug-22 23:30:54 - ####### MAIN FUNCTION STARTED #######
29-Aug-22 23:30:54 - config JSON FOR CSV LOADED
29-Aug-22 23:30:54 - CSV LOADED
29-Aug-22 23:30:56 - TARGET DRIFT - produced global report
29-Aug-22 23:31:03 - CLASSIFICATION PERFORMANCE - produced global report
29-Aug-22 23:31:06 - CLASSIFICATION PERFORMANCE - produced custom report
29-Aug-22 23:31:06 - ####### MAIN FUNCTION DONE #######
29-Aug-22 23:31:17 - ####### MAIN FUNCTION STARTED #######
29-Aug-22 23:31:17 - config JSON FOR CSV LOADED
29-Aug-22 23:31:17 - CSV LOADED
29-Aug-22 23:31:19 - TARGET DRIFT - produced global report
29-Aug-22 23:31:26 - CLASSIFICATION PERFORMANCE - produced global report
29-Aug-22 23:31:30 - CLASSIFICATION PERFORMANCE - produced custom report
29-Aug-22 23:31:30 - ####### MAIN FUNCTION DONE #######
29-Aug-22 23:31:41 - ####### MAIN FUNCTION STARTED #######
29-Aug-22 23:31:41 - config JSON FOR CSV LOADED
29-Aug-22 23:31:41 - CSV LOADED
29-Aug-22 23:31:43 - TARGET DRIFT - produced global report
29-Aug-22 23:31:50 - CLASSIFICATION PERFORMANCE - produced global report
29-Aug-22 23:31:54 - CLASSIFICATION PERFORMANCE - produced custom report
29-Aug-22 23:31:54 - ####### MAIN FUNCTION DONE #######
29-Aug-22 23:32:55 - ####### MAIN FUNCTION STARTED #######
29-Aug-22 23:32:55 - config JSON FOR CSV LOADED
29-Aug-22 23:32:55 - CSV LOADED
29-Aug-22 23:33:06 - ####### MAIN FUNCTION STARTED #######
29-Aug-22 23:33:06 - config JSON FOR CSV LOADED
29-Aug-22 23:33:06 - CSV LOADED
29-Aug-22 23:33:07 - TARGET DRIFT - produced global report
29-Aug-22 23:33:14 - CLASSIFICATION PERFORMANCE - produced global report
29-Aug-22 23:33:18 - CLASSIFICATION PERFORMANCE - produced custom report
29-Aug-22 23:33:18 - ####### MAIN FUNCTION DONE #######
29-Aug-22 23:33:56 - ####### MAIN FUNCTION STARTED #######
29-Aug-22 23:33:56 - config JSON FOR CSV LOADED
29-Aug-22 23:33:56 - CSV LOADED
29-Aug-22 23:33:58 - TARGET DRIFT - produced global report
29-Aug-22 23:34:04 - CLASSIFICATION PERFORMANCE - produced global report
29-Aug-22 23:34:08 - CLASSIFICATION PERFORMANCE - produced custom report
29-Aug-22 23:34:08 - ####### MAIN FUNCTION DONE #######
29-Aug-22 23:34:19 - ####### MAIN FUNCTION STARTED #######
29-Aug-22 23:34:19 - config JSON FOR CSV LOADED
29-Aug-22 23:34:19 - CSV LOADED
29-Aug-22 23:34:21 - TARGET DRIFT - produced global report
29-Aug-22 23:34:27 - CLASSIFICATION PERFORMANCE - produced global report
29-Aug-22 23:34:31 - CLASSIFICATION PERFORMANCE - produced custom report
29-Aug-22 23:34:31 - ####### MAIN FUNCTION DONE #######
29-Aug-22 23:34:53 - ####### MAIN FUNCTION STARTED #######
29-Aug-22 23:34:53 - config JSON FOR CSV LOADED
29-Aug-22 23:34:53 - CSV LOADED
29-Aug-22 23:34:55 - TARGET DRIFT - produced global report
29-Aug-22 23:35:01 - CLASSIFICATION PERFORMANCE - produced global report
29-Aug-22 23:35:05 - CLASSIFICATION PERFORMANCE - produced custom report
29-Aug-22 23:35:05 - ####### MAIN FUNCTION DONE #######
29-Aug-22 23:38:04 - ####### MAIN FUNCTION STARTED #######
29-Aug-22 23:38:04 - config JSON FOR CSV LOADED
29-Aug-22 23:38:04 - CSV LOADED
29-Aug-22 23:38:06 - TARGET DRIFT - produced global report
29-Aug-22 23:38:06 - DATA DRIFT - produced custom report
29-Aug-22 23:38:12 - CLASSIFICATION PERFORMANCE - produced global report
29-Aug-22 23:38:17 - CLASSIFICATION PERFORMANCE - produced custom report
29-Aug-22 23:38:17 - ####### MAIN FUNCTION DONE #######
29-Aug-22 23:40:56 - ####### MAIN FUNCTION STARTED #######
29-Aug-22 23:40:56 - config JSON FOR CSV LOADED
29-Aug-22 23:40:56 - CSV LOADED
29-Aug-22 23:40:58 - TARGET DRIFT - produced global report
29-Aug-22 23:40:58 - DATA DRIFT - produced custom report
29-Aug-22 23:41:04 - CLASSIFICATION PERFORMANCE - produced global report
29-Aug-22 23:41:08 - CLASSIFICATION PERFORMANCE - produced custom report
29-Aug-22 23:41:08 - ####### MAIN FUNCTION DONE #######
29-Aug-22 23:42:24 - ####### MAIN FUNCTION STARTED #######
29-Aug-22 23:42:24 - config JSON FOR CSV LOADED
29-Aug-22 23:42:24 - CSV LOADED
29-Aug-22 23:42:25 - TARGET DRIFT - produced global report
29-Aug-22 23:42:26 - DATA DRIFT - produced custom report prod_gr_id=413
29-Aug-22 23:42:26 - DATA DRIFT - produced custom report prod_gr_id=426
29-Aug-22 23:42:26 - DATA DRIFT - produced custom report prod_gr_id=427
29-Aug-22 23:42:32 - CLASSIFICATION PERFORMANCE - produced global report
29-Aug-22 23:42:36 - CLASSIFICATION PERFORMANCE - produced custom report
29-Aug-22 23:42:36 - ####### MAIN FUNCTION DONE #######
29-Aug-22 23:46:40 - ####### MAIN FUNCTION STARTED #######
29-Aug-22 23:46:41 - config JSON FOR CSV LOADED
29-Aug-22 23:46:41 - CSV LOADED
29-Aug-22 23:46:42 - TARGET DRIFT - produced custom report prod_gr_id=413
29-Aug-22 23:46:43 - TARGET DRIFT - produced custom report prod_gr_id=426
29-Aug-22 23:46:44 - TARGET DRIFT - produced custom report prod_gr_id=427
29-Aug-22 23:46:44 - DATA DRIFT - produced custom report prod_gr_id=413
29-Aug-22 23:46:44 - DATA DRIFT - produced custom report prod_gr_id=426
29-Aug-22 23:46:45 - DATA DRIFT - produced custom report prod_gr_id=427
29-Aug-22 23:46:51 - CLASSIFICATION PERFORMANCE - produced global report
29-Aug-22 23:46:55 - CLASSIFICATION PERFORMANCE - produced custom report
29-Aug-22 23:46:55 - ####### MAIN FUNCTION DONE #######
29-Aug-22 23:54:06 - ####### MAIN FUNCTION STARTED #######
29-Aug-22 23:54:07 - config JSON FOR CSV LOADED
29-Aug-22 23:54:07 - CSV LOADED
29-Aug-22 23:54:08 - TARGET DRIFT - produced custom report prod_gr_id=413
29-Aug-22 23:54:09 - TARGET DRIFT - produced custom report prod_gr_id=426
29-Aug-22 23:54:10 - TARGET DRIFT - produced custom report prod_gr_id=427
29-Aug-22 23:54:10 - DATA DRIFT - produced custom report prod_gr_id=413
29-Aug-22 23:54:11 - DATA DRIFT - produced custom report prod_gr_id=426
29-Aug-22 23:54:11 - DATA DRIFT - produced custom report prod_gr_id=427
29-Aug-22 23:54:17 - CLASSIFICATION PERFORMANCE - produced global report
29-Aug-22 23:54:20 - CLASSIFICATION PERFORMANCE - produced custom report prod_gr_id=413
29-Aug-22 23:54:20 - ####### MAIN FUNCTION DONE #######
29-Aug-22 23:54:47 - ####### MAIN FUNCTION STARTED #######
29-Aug-22 23:54:47 - config JSON FOR CSV LOADED
29-Aug-22 23:54:47 - CSV LOADED
29-Aug-22 23:54:48 - TARGET DRIFT - produced custom report prod_gr_id=413
29-Aug-22 23:54:50 - TARGET DRIFT - produced custom report prod_gr_id=426
29-Aug-22 23:54:50 - TARGET DRIFT - produced custom report prod_gr_id=427
29-Aug-22 23:54:51 - DATA DRIFT - produced custom report prod_gr_id=413
29-Aug-22 23:54:51 - DATA DRIFT - produced custom report prod_gr_id=426
29-Aug-22 23:54:51 - DATA DRIFT - produced custom report prod_gr_id=427
29-Aug-22 23:54:58 - CLASSIFICATION PERFORMANCE - produced global report
29-Aug-22 23:55:00 - CLASSIFICATION PERFORMANCE - produced custom report prod_gr_id=413
29-Aug-22 23:55:04 - CLASSIFICATION PERFORMANCE - produced custom report prod_gr_id=426
29-Aug-22 23:55:06 - CLASSIFICATION PERFORMANCE - produced custom report prod_gr_id=427
29-Aug-22 23:55:06 - ####### MAIN FUNCTION DONE #######
